[    5473ms] [LOG] Supabase Studio is running commit 0eb37adb198eb1ca058309ef14ae382dc833525c deployed at 2026-05-15 22:29:51 +00:00. @ https://frontend-assets.supabase.com/studio/0eb37adb198e/_next/static/chunks/13l6huzzj7_66.js?dpl=dpl_7oAezX4uJ5mddXk2HBnFJQ3AJbAf:12
[    6871ms] [ERROR] Failed to load resource: the server responded with a status of 401 () @ https://api.supabase.com/platform/notifications?offset=0&limit=20&status=new%2Cseen:0
[    7213ms] [ERROR] Flag key "headerUpgradeCta" does not exist in PostHog flag store @ https://frontend-assets.supabase.com/studio/0eb37adb198e/_next/static/chunks/13l6huzzj7_66.js?dpl=dpl_7oAezX4uJ5mddXk2HBnFJQ3AJbAf:12
[    7231ms] [ERROR] Flag key "headerUpgradeCta" does not exist in PostHog flag store @ https://frontend-assets.supabase.com/studio/0eb37adb198e/_next/static/chunks/13l6huzzj7_66.js?dpl=dpl_7oAezX4uJ5mddXk2HBnFJQ3AJbAf:12
[    7317ms] [ERROR] Flag key "headerUpgradeCta" does not exist in PostHog flag store @ https://frontend-assets.supabase.com/studio/0eb37adb198e/_next/static/chunks/13l6huzzj7_66.js?dpl=dpl_7oAezX4uJ5mddXk2HBnFJQ3AJbAf:12
[    7330ms] [ERROR] Flag key "headerUpgradeCta" does not exist in PostHog flag store @ https://frontend-assets.supabase.com/studio/0eb37adb198e/_next/static/chunks/13l6huzzj7_66.js?dpl=dpl_7oAezX4uJ5mddXk2HBnFJQ3AJbAf:12
[    7344ms] [ERROR] Flag key "headerUpgradeCta" does not exist in PostHog flag store @ https://frontend-assets.supabase.com/studio/0eb37adb198e/_next/static/chunks/13l6huzzj7_66.js?dpl=dpl_7oAezX4uJ5mddXk2HBnFJQ3AJbAf:12
[    7556ms] [ERROR] Flag key "headerUpgradeCta" does not exist in PostHog flag store @ https://frontend-assets.supabase.com/studio/0eb37adb198e/_next/static/chunks/13l6huzzj7_66.js?dpl=dpl_7oAezX4uJ5mddXk2HBnFJQ3AJbAf:12
[    7568ms] [ERROR] Flag key "headerUpgradeCta" does not exist in PostHog flag store @ https://frontend-assets.supabase.com/studio/0eb37adb198e/_next/static/chunks/13l6huzzj7_66.js?dpl=dpl_7oAezX4uJ5mddXk2HBnFJQ3AJbAf:12
[   11876ms] [ERROR] Connecting to 'https://analytics.google.com/g/collect?a=adblocker_check' violates the following Content Security Policy directive: "default-src 'self' https://api.supabase.com http://localhost:8000 https://auth.supabase.io https://otqhrpbxhxkrhrnjqbba.supabase.co ws://localhost:8000 wss://localhost:8000 https://*.supabase.co https://*.storage.supabase.co wss://*.supabase.co https://*.hcaptcha.com https://cdn-global.configcat.com https://configcat.supabase.com https://*.stripe.com https://*.stripe.network https://www.cloudflare.com https://*.vercel-insights.com https://api.github.com https://raw.githubusercontent.com https://frontend-assets.supabase.com https://*.usercentrics.eu https://ss.supabase.com https://maps.googleapis.com https://ph.supabase.com https://cdnjs.cloudflare.com wss://*.pusher.com https://*.ingest.sentry.io https://*.ingest.us.sentry.io https://*.ingest.de.sentry.io". Note that 'connect-src' was not explicitly set, so 'default-src' is used as a fallback. The action has been blocked. @ https://frontend-assets.supabase.com/studio/0eb37adb198e/_next/static/chunks/13l6huzzj7_66.js?dpl=dpl_7oAezX4uJ5mddXk2HBnFJQ3AJbAf:12
[   11882ms] [ERROR] Fetch API cannot load https://analytics.google.com/g/collect?a=adblocker_check. Refused to connect because it violates the document's Content Security Policy. @ https://frontend-assets.supabase.com/studio/0eb37adb198e/_next/static/chunks/13l6huzzj7_66.js?dpl=dpl_7oAezX4uJ5mddXk2HBnFJQ3AJbAf:12
[   78499ms] [LOG] Supabase Studio is running commit 0eb37adb198eb1ca058309ef14ae382dc833525c deployed at 2026-05-15 22:29:51 +00:00. @ https://frontend-assets.supabase.com/studio/0eb37adb198e/_next/static/chunks/13l6huzzj7_66.js?dpl=dpl_7oAezX4uJ5mddXk2HBnFJQ3AJbAf:12
[   79148ms] [ERROR] Failed to load resource: the server responded with a status of 401 () @ https://api.supabase.com/platform/notifications?offset=0&limit=20&status=new%2Cseen:0
[   79190ms] [ERROR] Connecting to 'https://analytics.google.com/g/collect?a=adblocker_check' violates the following Content Security Policy directive: "default-src 'self' https://api.supabase.com http://localhost:8000 https://auth.supabase.io https://otqhrpbxhxkrhrnjqbba.supabase.co ws://localhost:8000 wss://localhost:8000 https://*.supabase.co https://*.storage.supabase.co wss://*.supabase.co https://*.hcaptcha.com https://cdn-global.configcat.com https://configcat.supabase.com https://*.stripe.com https://*.stripe.network https://www.cloudflare.com https://*.vercel-insights.com https://api.github.com https://raw.githubusercontent.com https://frontend-assets.supabase.com https://*.usercentrics.eu https://ss.supabase.com https://maps.googleapis.com https://ph.supabase.com https://cdnjs.cloudflare.com wss://*.pusher.com https://*.ingest.sentry.io https://*.ingest.us.sentry.io https://*.ingest.de.sentry.io". Note that 'connect-src' was not explicitly set, so 'default-src' is used as a fallback. The action has been blocked. @ https://frontend-assets.supabase.com/studio/0eb37adb198e/_next/static/chunks/13l6huzzj7_66.js?dpl=dpl_7oAezX4uJ5mddXk2HBnFJQ3AJbAf:12
[   79190ms] [ERROR] Fetch API cannot load https://analytics.google.com/g/collect?a=adblocker_check. Refused to connect because it violates the document's Content Security Policy. @ https://frontend-assets.supabase.com/studio/0eb37adb198e/_next/static/chunks/13l6huzzj7_66.js?dpl=dpl_7oAezX4uJ5mddXk2HBnFJQ3AJbAf:12
[   81708ms] [WARNING] [Warning] Please install/enable Redux devtools extension @ https://frontend-assets.supabase.com/studio/0eb37adb198e/_next/static/chunks/13l6huzzj7_66.js?dpl=dpl_7oAezX4uJ5mddXk2HBnFJQ3AJbAf:12
[  117181ms] [ERROR] Waited for over 10s to acquire an Auth client lock {held: Array(1), pending: Array(0)} Error: Lock is being held for over 10s here
    at eU.eV [as lock] (https://frontend-assets.supabase.com/studio/0eb37adb198e/_next/static/chunks/0kh.26zk3hfl7.js?dpl=dpl_7oAezX4uJ5mddXk2HBnFJQ3AJbAf:19:49641)
    at eU._acquireLock (https://frontend-assets.supabase.com/studio/0eb37adb198e/_next/static/chunks/0kh.26zk3hfl7.js?dpl=dpl_7oAezX4uJ5mddXk2HBnFJQ3AJbAf:19:11810)
    at https://frontend-assets.supabase.com/studio/0eb37adb198e/_next/static/chunks/0kh.26zk3hfl7.js?dpl=dpl_7oAezX4uJ5mddXk2HBnFJQ3AJbAf:6:40656
    at eU.initialize (https://frontend-assets.supabase.com/studio/0eb37adb198e/_next/static/chunks/0kh.26zk3hfl7.js?dpl=dpl_7oAezX4uJ5mddXk2HBnFJQ3AJbAf:6:40728)
    at new eU (https://frontend-assets.supabase.com/studio/0eb37adb198e/_next/static/chunks/0kh.26zk3hfl7.js?dpl=dpl_7oAezX4uJ5mddXk2HBnFJQ3AJbAf:6:40184)
    at module evaluation (https://frontend-assets.supabase.com/studio/0eb37adb198e/_next/static/chunks/0kh.26zk3hfl7.js?dpl=dpl_7oAezX4uJ5mddXk2HBnFJQ3AJbAf:19:50188)
    at B (https://frontend-assets.supabase.com/studio/0eb37adb198e/_next/static/chunks/turbopack-0kkybw8r-9v_4.js?dpl=dpl_7oAezX4uJ5mddXk2HBnFJQ3AJbAf:2:8704)
    at I (https://frontend-assets.supabase.com/studio/0eb37adb198e/_next/static/chunks/turbopack-0kkybw8r-9v_4.js?dpl=dpl_7oAezX4uJ5mddXk2HBnFJQ3AJbAf:2:8245)
    at c.j [as i] (https://frontend-assets.supabase.com/studio/0eb37adb198e/_next/static/chunks/turbopack-0kkybw8r-9v_4.js?dpl=dpl_7oAezX4uJ5mddXk2HBnFJQ3AJbAf:2:3681)
    at module evaluation (https://frontend-assets.supabase.com/studio/0eb37adb198e/_next/static/chunks/16sz5m4.oemfu.js?dpl=dpl_7oAezX4uJ5mddXk2HBnFJQ3AJbAf:5:13734) @ https://frontend-assets.supabase.com/studio/0eb37adb198e/_next/static/chunks/13l6huzzj7_66.js?dpl=dpl_7oAezX4uJ5mddXk2HBnFJQ3AJbAf:12
[  118835ms] [LOG] Supabase Studio is running commit 0eb37adb198eb1ca058309ef14ae382dc833525c deployed at 2026-05-15 22:29:51 +00:00. @ https://frontend-assets.supabase.com/studio/0eb37adb198e/_next/static/chunks/13l6huzzj7_66.js?dpl=dpl_7oAezX4uJ5mddXk2HBnFJQ3AJbAf:12
[  125483ms] [ERROR] Failed to load resource: the server responded with a status of 401 () @ https://api.supabase.com/v1/projects/ifzpdizxitlvjbmzozew/network-bans/retrieve:0
[  125485ms] [ERROR] Failed to load resource: the server responded with a status of 401 () @ https://api.supabase.com/platform/notifications?offset=0&limit=20&status=new%2Cseen:0
[  125486ms] [ERROR] Failed to load resource: the server responded with a status of 401 () @ https://api.supabase.com/platform/projects/ifzpdizxitlvjbmzozew:0
[  125502ms] [ERROR] Failed to load resource: the server responded with a status of 401 () @ https://api.supabase.com/platform/projects-resource-warnings?ref=ifzpdizxitlvjbmzozew:0
[  125503ms] [ERROR] Failed to load resource: the server responded with a status of 401 () @ https://api.supabase.com/platform/auth/ifzpdizxitlvjbmzozew/config:0
[  125503ms] [ERROR] Failed to load resource: the server responded with a status of 401 () @ https://api.supabase.com/platform/projects/ifzpdizxitlvjbmzozew/databases:0
[  125503ms] [ERROR] Failed to load resource: the server responded with a status of 401 () @ https://api.supabase.com/platform/projects/ifzpdizxitlvjbmzozew/billing/addons:0
[  125604ms] [WARNING] [Warning] Please install/enable Redux devtools extension @ https://frontend-assets.supabase.com/studio/0eb37adb198e/_next/static/chunks/13l6huzzj7_66.js?dpl=dpl_7oAezX4uJ5mddXk2HBnFJQ3AJbAf:12
[  125653ms] [ERROR] Flag key "headerUpgradeCta" does not exist in PostHog flag store @ https://frontend-assets.supabase.com/studio/0eb37adb198e/_next/static/chunks/13l6huzzj7_66.js?dpl=dpl_7oAezX4uJ5mddXk2HBnFJQ3AJbAf:12
[  125708ms] [ERROR] Flag key "headerUpgradeCta" does not exist in PostHog flag store @ https://frontend-assets.supabase.com/studio/0eb37adb198e/_next/static/chunks/13l6huzzj7_66.js?dpl=dpl_7oAezX4uJ5mddXk2HBnFJQ3AJbAf:12
[  125931ms] [ERROR] Connecting to 'https://analytics.google.com/g/collect?a=adblocker_check' violates the following Content Security Policy directive: "default-src 'self' https://api.supabase.com http://localhost:8000 https://auth.supabase.io https://otqhrpbxhxkrhrnjqbba.supabase.co ws://localhost:8000 wss://localhost:8000 https://*.supabase.co https://*.storage.supabase.co wss://*.supabase.co https://*.hcaptcha.com https://cdn-global.configcat.com https://configcat.supabase.com https://*.stripe.com https://*.stripe.network https://www.cloudflare.com https://*.vercel-insights.com https://api.github.com https://raw.githubusercontent.com https://frontend-assets.supabase.com https://*.usercentrics.eu https://ss.supabase.com https://maps.googleapis.com https://ph.supabase.com https://cdnjs.cloudflare.com wss://*.pusher.com https://*.ingest.sentry.io https://*.ingest.us.sentry.io https://*.ingest.de.sentry.io". Note that 'connect-src' was not explicitly set, so 'default-src' is used as a fallback. The action has been blocked. @ https://frontend-assets.supabase.com/studio/0eb37adb198e/_next/static/chunks/13l6huzzj7_66.js?dpl=dpl_7oAezX4uJ5mddXk2HBnFJQ3AJbAf:12
[  125931ms] [ERROR] Fetch API cannot load https://analytics.google.com/g/collect?a=adblocker_check. Refused to connect because it violates the document's Content Security Policy. @ https://frontend-assets.supabase.com/studio/0eb37adb198e/_next/static/chunks/13l6huzzj7_66.js?dpl=dpl_7oAezX4uJ5mddXk2HBnFJQ3AJbAf:12
[  468941ms] [LOG] Supabase Studio is running commit 0eb37adb198eb1ca058309ef14ae382dc833525c deployed at 2026-05-15 22:29:51 +00:00. @ https://frontend-assets.supabase.com/studio/0eb37adb198e/_next/static/chunks/13l6huzzj7_66.js?dpl=dpl_7oAezX4uJ5mddXk2HBnFJQ3AJbAf:12
[  470087ms] [WARNING] [Warning] Please install/enable Redux devtools extension @ https://frontend-assets.supabase.com/studio/0eb37adb198e/_next/static/chunks/13l6huzzj7_66.js?dpl=dpl_7oAezX4uJ5mddXk2HBnFJQ3AJbAf:12
